<?xml version="1.0" encoding="UTF-8"?>
<!-- Generated by org.testng.reporters.JUnitReportReporter -->
<testsuite skipped="0" hostname="Kalyanz" name="seleniumpracticing.launch" tests="2" failures="0" timestamp="24 Mar 2022 02:38:02 GMT" time="20.032" errors="0">
  <testcase name="launchBrowser" time="11.624" classname="seleniumpracticing.launch"/>
  <testcase name="afirsttestcase" time="8.408" classname="seleniumpracticing.launch"/>
</testsuite> <!-- seleniumpracticing.launch -->
