<?xml version="1.0" encoding="UTF-8"?>
<!-- Generated by org.testng.reporters.JUnitReportReporter -->
<testsuite skipped="0" hostname="Kalyanz" name="seleniumpracticing.login" tests="1" failures="0" timestamp="24 Mar 2022 02:13:03 GMT" time="0.001" errors="0">
  <testcase name="testcase1" time="0.001" classname="seleniumpracticing.login"/>
</testsuite> <!-- seleniumpracticing.login -->
